# JRE version: Java(TM) SE Runtime Environment (8.0_201-b09) (build 1.8.0_201-b09)
# Java VM: Java HotSpot(TM) 64-Bit Server VM (25.201-b09 mixed mode windows-amd64 compressed oops)
Heap:
 PSYoungGen      total 38400K, used 26959K [0x00000000d5900000, 0x00000000d8c00000, 0x0000000100000000)
  eden space 33280K, 65% used [0x00000000d5900000,0x00000000d6e545f8,0x00000000d7980000)
  from space 5120K, 99% used [0x00000000d7980000,0x00000000d7e7f808,0x00000000d7e80000)
  to   space 5120K, 0% used [0x00000000d8700000,0x00000000d8700000,0x00000000d8c00000)
 ParOldGen       total 74752K, used 10838K [0x0000000080a00000, 0x0000000085300000, 0x00000000d5900000)
  object space 74752K, 14% used [0x0000000080a00000,0x0000000081495b70,0x0000000085300000)
 Metaspace       used 25268K, capacity 26138K, committed 26368K, reserved 1073152K
  class space    used 3298K, capacity 3520K, committed 3584K, reserved 1048576K
GC Heap History (8 events):
Event: 0.999 GC heap before
{Heap before GC invocations=1 (full 0):
 PSYoungGen      total 38400K, used 33280K [0x00000000d5900000, 0x00000000d8380000, 0x0000000100000000)
  eden space 33280K, 100% used [0x00000000d5900000,0x00000000d7980000,0x00000000d7980000)
  from space 5120K, 0% used [0x00000000d7e80000,0x00000000d7e80000,0x00000000d8380000)
  to   space 5120K, 0% used [0x00000000d7980000,0x00000000d7980000,0x00000000d7e80000)
 ParOldGen       total 87552K, used 0K [0x0000000080a00000, 0x0000000085f80000, 0x00000000d5900000)
  object space 87552K, 0% used [0x0000000080a00000,0x0000000080a00000,0x0000000085f80000)
 Metaspace       used 17869K, capacity 18540K, committed 18816K, reserved 1064960K
  class space    used 2447K, capacity 2633K, committed 2688K, reserved 1048576K
Event: 1.003 GC heap after
Heap after GC invocations=1 (full 0):
 PSYoungGen      total 38400K, used 5102K [0x00000000d5900000, 0x00000000d8380000, 0x0000000100000000)
  eden space 33280K, 0% used [0x00000000d5900000,0x00000000d5900000,0x00000000d7980000)
  from space 5120K, 99% used [0x00000000d7980000,0x00000000d7e7bb60,0x00000000d7e80000)
  to   space 5120K, 0% used [0x00000000d7e80000,0x00000000d7e80000,0x00000000d8380000)
 ParOldGen       total 87552K, used 2641K [0x0000000080a00000, 0x0000000085f80000, 0x00000000d5900000)
  object space 87552K, 3% used [0x0000000080a00000,0x0000000080c94710,0x0000000085f80000)
 Metaspace       used 17869K, capacity 18540K, committed 18816K, reserved 1064960K
  class space    used 2447K, capacity 2633K, committed 2688K, reserved 1048576K
}
Event: 1.249 GC heap before
{Heap before GC invocations=2 (full 0):
 PSYoungGen      total 38400K, used 18138K [0x00000000d5900000, 0x00000000d8380000, 0x0000000100000000)
  eden space 33280K, 39% used [0x00000000d5900000,0x00000000d65bae68,0x00000000d7980000)
  from space 5120K, 99% used [0x00000000d7980000,0x00000000d7e7bb60,0x00000000d7e80000)
  to   space 5120K, 0% used [0x00000000d7e80000,0x00000000d7e80000,0x00000000d8380000)
 ParOldGen       total 87552K, used 2641K [0x0000000080a00000, 0x0000000085f80000, 0x00000000d5900000)
  object space 87552K, 3% used [0x0000000080a00000,0x0000000080c94710,0x0000000085f80000)
 Metaspace       used 20407K, capacity 21108K, committed 21248K, reserved 1067008K
  class space    used 2768K, capacity 2967K, committed 3072K, reserved 1048576K
Event: 1.254 GC heap after
Heap after GC invocations=2 (full 0):
 PSYoungGen      total 38400K, used 5109K [0x00000000d5900000, 0x00000000da400000, 0x0000000100000000)
  eden space 33280K, 0% used [0x00000000d5900000,0x00000000d5900000,0x00000000d7980000)
  from space 5120K, 99% used [0x00000000d7e80000,0x00000000d837d798,0x00000000d8380000)
  to   space 5120K, 0% used [0x00000000d7980000,0x00000000d7980000,0x00000000d7e80000)
 ParOldGen       total 87552K, used 10241K [0x0000000080a00000, 0x0000000085f80000, 0x00000000d5900000)
  object space 87552K, 11% used [0x0000000080a00000,0x0000000081400400,0x0000000085f80000)
 Metaspace       used 20407K, capacity 21108K, committed 21248K, reserved 1067008K
  class space    used 2768K, capacity 2967K, committed 3072K, reserved 1048576K
}
Event: 1.254 GC heap before
{Heap before GC invocations=3 (full 1):
 PSYoungGen      total 38400K, used 5109K [0x00000000d5900000, 0x00000000da400000, 0x0000000100000000)
  eden space 33280K, 0% used [0x00000000d5900000,0x00000000d5900000,0x00000000d7980000)
  from space 5120K, 99% used [0x00000000d7e80000,0x00000000d837d798,0x00000000d8380000)
  to   space 5120K, 0% used [0x00000000d7980000,0x00000000d7980000,0x00000000d7e80000)
 ParOldGen       total 87552K, used 10241K [0x0000000080a00000, 0x0000000085f80000, 0x00000000d5900000)
  object space 87552K, 11% used [0x0000000080a00000,0x0000000081400400,0x0000000085f80000)
 Metaspace       used 20407K, capacity 21108K, committed 21248K, reserved 1067008K
  class space    used 2768K, capacity 2967K, committed 3072K, reserved 1048576K
Event: 1.285 GC heap after
Heap after GC invocations=3 (full 1):
 PSYoungGen      total 38400K, used 0K [0x00000000d5900000, 0x00000000da400000, 0x0000000100000000)
  eden space 33280K, 0% used [0x00000000d5900000,0x00000000d5900000,0x00000000d7980000)
  from space 5120K, 0% used [0x00000000d7e80000,0x00000000d7e80000,0x00000000d8380000)
  to   space 5120K, 0% used [0x00000000d7980000,0x00000000d7980000,0x00000000d7e80000)
 ParOldGen       total 74752K, used 10045K [0x0000000080a00000, 0x0000000085300000, 0x00000000d5900000)
  object space 74752K, 13% used [0x0000000080a00000,0x00000000813cf628,0x0000000085300000)
 Metaspace       used 20407K, capacity 21108K, committed 21248K, reserved 1067008K
  class space    used 2768K, capacity 2967K, committed 3072K, reserved 1048576K
}
Event: 10.369 GC heap before
{Heap before GC invocations=4 (full 1):
 PSYoungGen      total 38400K, used 33280K [0x00000000d5900000, 0x00000000da400000, 0x0000000100000000)
  eden space 33280K, 100% used [0x00000000d5900000,0x00000000d7980000,0x00000000d7980000)
  from space 5120K, 0% used [0x00000000d7e80000,0x00000000d7e80000,0x00000000d8380000)
  to   space 5120K, 0% used [0x00000000d7980000,0x00000000d7980000,0x00000000d7e80000)
 ParOldGen       total 74752K, used 10045K [0x0000000080a00000, 0x0000000085300000, 0x00000000d5900000)
  object space 74752K, 13% used [0x0000000080a00000,0x00000000813cf628,0x0000000085300000)
 Metaspace       used 24813K, capacity 25672K, committed 25856K, reserved 1071104K
  class space    used 3293K, capacity 3517K, committed 3584K, reserved 1048576K
Event: 10.373 GC heap after
Heap after GC invocations=4 (full 1):
 PSYoungGen      total 38400K, used 5118K [0x00000000d5900000, 0x00000000d8c00000, 0x0000000100000000)
  eden space 33280K, 0% used [0x00000000d5900000,0x00000000d5900000,0x00000000d7980000)
  from space 5120K, 99% used [0x00000000d7980000,0x00000000d7e7f808,0x00000000d7e80000)
  to   space 5120K, 0% used [0x00000000d8700000,0x00000000d8700000,0x00000000d8c00000)
 ParOldGen       total 74752K, used 10838K [0x0000000080a00000, 0x0000000085300000, 0x00000000d5900000)
  object space 74752K, 14% used [0x0000000080a00000,0x0000000081495b70,0x0000000085300000)
 Metaspace       used 24813K, capacity 25672K, committed 25856K, reserved 1071104K
  class space    used 3293K, capacity 3517K, committed 3584K, reserved 1048576K
}

